======================================================================
CellxGene Harvester - 4 Filter Datasets
======================================================================
Started : 2026-02-20 18:21:53
Log file: data/homo_sapiens_digestive_tract_harvester.log
Command : python /mnt/libraries/envs/cellxgene/bin/cellxgene-harvester filter-datasets --input data/all_datasets_complete.csv --uberon data/uberon_digestive_tract.json --organism Homo sapiens --no-preprints --exclude-cancer --exclude-spatial --output data/homo_sapiens_digestive_tract_harvester.csv

Input : data/all_datasets_complete.csv
Loaded 2,067 datasets

  Loaded UBERON terms : data/uberon_digestive_tract.json
  Queries             : digestive tract
  Root terms          : digestive tract
  Total labels        : 1,296 (root + all descendants)
  Note: label text matching on 'tissue' column
        (tissue_ontology_term_id precision applied in step 5)
  [UBERON label tissue filter]
    Before :    2,067 datasets
    After  :      341 datasets
    Removed:    1,726 datasets  (83.5%)
  [organism filter (Homo sapiens)]
    Before :      341 datasets
    After  :      285 datasets
    Removed:       56 datasets  (16.4%)
  [preprint exclusion]
    Before :      285 datasets
    After  :      241 datasets
    Removed:       44 datasets  (15.4%)
  [cancer exclusion]
    Before :      241 datasets
    After  :      193 datasets
    Removed:       48 datasets  (19.9%)
  [spatial exclusion]
    Before :      193 datasets
    After  :      170 datasets
    Removed:       23 datasets  (11.9%)

  [TOTAL]
    Before :    2,067 datasets
    After  :      170 datasets
    Removed:    1,897 datasets  (91.8%)

======================================================================
Finished: 2026-02-20 18:21:53
Output  : data/homo_sapiens_digestive_tract_harvester.csv
======================================================================
