======================================================================
CellxGene Harvester - 4 Filter Datasets
======================================================================
Started : 2026-02-20 18:21:54
Log file: data/homo_sapiens_heart_harvester.log
Command : python /mnt/libraries/envs/cellxgene/bin/cellxgene-harvester filter-datasets --input data/all_datasets_complete.csv --uberon data/uberon_heart.json --organism Homo sapiens --no-preprints --exclude-cancer --exclude-spatial --output data/homo_sapiens_heart_harvester.csv

Input : data/all_datasets_complete.csv
Loaded 2,067 datasets

  Loaded UBERON terms : data/uberon_heart.json
  Queries             : heart, pericardium
  Root terms          : heart, pericardium
  Total labels        : 262 (root + all descendants)
  Note: label text matching on 'tissue' column
        (tissue_ontology_term_id precision applied in step 5)
  [UBERON label tissue filter]
    Before :    2,067 datasets
    After  :      146 datasets
    Removed:    1,921 datasets  (92.9%)
  [organism filter (Homo sapiens)]
    Before :      146 datasets
    After  :      132 datasets
    Removed:       14 datasets  (9.6%)
  [preprint exclusion]
    Before :      132 datasets
    After  :      132 datasets
    Removed:        0 datasets  (0.0%)
  [cancer exclusion]
    Before :      132 datasets
    After  :      132 datasets
    Removed:        0 datasets  (0.0%)
  [spatial exclusion]
    Before :      132 datasets
    After  :       48 datasets
    Removed:       84 datasets  (63.6%)

  [TOTAL]
    Before :    2,067 datasets
    After  :       48 datasets
    Removed:    2,019 datasets  (97.7%)

======================================================================
Finished: 2026-02-20 18:21:54
Output  : data/homo_sapiens_heart_harvester.csv
======================================================================
